<?xml version="1.0" encoding="UTF-8"?>
<!-- Generated by org.testng.reporters.JUnitReportReporter -->
<testsuite skipped="0" hostname="nrampellypc" name="learning.Sele" tests="1" failures="0" timestamp="29 May 2018 17:29:08 GMT" time="0.021" errors="1">
  <testcase name="launch" time="0.021" classname="learning.Sele">
    <error type="java.lang.NoClassDefFoundError" message="io/github/bonigarcia/wdm/WebDriverManager">
      <![CDATA[java.lang.NoClassDefFoundError: io/github/bonigarcia/wdm/WebDriverManager
at com.codeborne.selenide.webdriver.WebDriverBinaryManager.setupBinaryPath(WebDriverBinaryManager.java:26)
at com.codeborne.selenide.webdriver.WebDriverFactory.createWebDriver(WebDriverFactory.java:55)
at com.codeborne.selenide.impl.WebDriverThreadLocalContainer.createDriver(WebDriverThreadLocalContainer.java:231)
at com.codeborne.selenide.impl.WebDriverThreadLocalContainer.getAndCheckWebDriver(WebDriverThreadLocalContainer.java:118)
at com.codeborne.selenide.WebDriverRunner.getAndCheckWebDriver(WebDriverRunner.java:136)
at com.codeborne.selenide.impl.Navigator.navigateToAbsoluteUrl(Navigator.java:68)
at com.codeborne.selenide.impl.Navigator.open(Navigator.java:32)
at com.codeborne.selenide.Selenide.open(Selenide.java:95)
at com.codeborne.selenide.Selenide.open(Selenide.java:69)
at learning.Sele.launch(Sele.java:25)
at sun.reflect.NativeMethodAccessorImpl.invoke0(Native Method)
at sun.reflect.NativeMethodAccessorImpl.invoke(Unknown Source)
at sun.reflect.DelegatingMethodAccessorImpl.invoke(Unknown Source)
at java.lang.reflect.Method.invoke(Unknown Source)
at org.testng.internal.MethodInvocationHelper.invokeMethod(MethodInvocationHelper.java:124)
at org.testng.internal.Invoker.invokeMethod(Invoker.java:580)
at org.testng.internal.Invoker.invokeTestMethod(Invoker.java:716)
at org.testng.internal.Invoker.invokeTestMethods(Invoker.java:988)
at org.testng.internal.TestMethodWorker.invokeTestMethods(TestMethodWorker.java:125)
at org.testng.internal.TestMethodWorker.run(TestMethodWorker.java:109)
at org.testng.TestRunner.privateRun(TestRunner.java:648)
at org.testng.TestRunner.run(TestRunner.java:505)
at org.testng.SuiteRunner.runTest(SuiteRunner.java:455)
at org.testng.SuiteRunner.runSequentially(SuiteRunner.java:450)
at org.testng.SuiteRunner.privateRun(SuiteRunner.java:415)
at org.testng.SuiteRunner.run(SuiteRunner.java:364)
at org.testng.SuiteRunnerWorker.runSuite(SuiteRunnerWorker.java:52)
at org.testng.SuiteRunnerWorker.run(SuiteRunnerWorker.java:84)
at org.testng.TestNG.runSuitesSequentially(TestNG.java:1208)
at org.testng.TestNG.runSuitesLocally(TestNG.java:1137)
at org.testng.TestNG.runSuites(TestNG.java:1049)
at org.testng.TestNG.run(TestNG.java:1017)
at org.testng.remote.AbstractRemoteTestNG.run(AbstractRemoteTestNG.java:114)
at org.testng.remote.RemoteTestNG.initAndRun(RemoteTestNG.java:251)
at org.testng.remote.RemoteTestNG.main(RemoteTestNG.java:77)
Caused by: java.lang.ClassNotFoundException: io.github.bonigarcia.wdm.WebDriverManager
at java.net.URLClassLoader.findClass(Unknown Source)
at java.lang.ClassLoader.loadClass(Unknown Source)
at sun.misc.Launcher$AppClassLoader.loadClass(Unknown Source)
at java.lang.ClassLoader.loadClass(Unknown Source)
... 35 more
]]>
    </error>
  </testcase> <!-- launch -->
</testsuite> <!-- learning.Sele -->
